<?xml version="1.0" encoding="UTF-8"?>
<testsuite name="APITest" tests="2" skipped="0" failures="0" errors="0" timestamp="2021-07-04T02:55:00" hostname="WIN-NJK75T1QS28" time="7.278">
  <properties/>
  <testcase name="Add new pet to store test()" classname="APITest" time="4.126"/>
  <testcase name="Delete pet from store test()" classname="APITest" time="3.15"/>
  <system-out><![CDATA[Request method:	POST
Request URI:	https://petstore.swagger.io/v2/pet
Proxy:			<none>
Request params:	<none>
Query params:	<none>
Form params:	<none>
Path params:	<none>
Headers:		api_key=1qa2ws3ed4rfvcxz
				Accept=application/json, application/javascript, text/javascript
				Content-Type=application/json; charset=UTF-8
Cookies:		<none>
Multiparts:		<none>
Body:
{
    "id": 508330814,
    "category": {
        "id": 0,
        "name": ""
    },
    "name": "Pet_xzTfHzAY",
    "photoUrls": [
        
    ],
    "tags": [
        
    ],
    "status": "available"
}
Request method:	POST
Request URI:	https://petstore.swagger.io/v2/pet
Proxy:			<none>
Request params:	<none>
Query params:	<none>
Form params:	<none>
Path params:	<none>
Headers:		api_key=1qa2ws3ed4rfvcxz
				Accept=application/json, application/javascript, text/javascript
				Content-Type=application/json; charset=UTF-8
Cookies:		<none>
Multiparts:		<none>
Body:
{
    "id": 1375822710,
    "category": {
        "id": 0,
        "name": ""
    },
    "name": "Pet_YczSslUH",
    "photoUrls": [
        
    ],
    "tags": [
        
    ],
    "status": "available"
}
Request method:	DELETE
Request URI:	https://petstore.swagger.io/v2/pet/1375822710
Proxy:			<none>
Request params:	<none>
Query params:	<none>
Form params:	<none>
Path params:	<none>
Headers:		api_key=1qa2ws3ed4rfvcxz
				Accept=application/json, application/javascript, text/javascript
				Content-Type=application/json; charset=UTF-8
Cookies:		<none>
Multiparts:		<none>
Body:			<none>
Request method:	GET
Request URI:	https://petstore.swagger.io/v2/pet/1375822710
Proxy:			<none>
Request params:	<none>
Query params:	<none>
Form params:	<none>
Path params:	<none>
Headers:		api_key=1qa2ws3ed4rfvcxz
				Accept=application/json, application/javascript, text/javascript
				Content-Type=application/json; charset=UTF-8
Cookies:		<none>
Multiparts:		<none>
Body:			<none>
HTTP/1.1 404 Not Found
Date: Sun, 04 Jul 2021 02:55:06 GMT
Content-Type: application/json
Transfer-Encoding: chunked
Connection: keep-alive
Access-Control-Allow-Origin: *
Access-Control-Allow-Methods: GET, POST, DELETE, PUT
Access-Control-Allow-Headers: Content-Type, api_key, Authorization
Server: Jetty(9.2.9.v20150224)

{
    "code": 1,
    "type": "error",
    "message": "Pet not found"
}
]]></system-out>
  <system-err><![CDATA[]]></system-err>
</testsuite>
